0 info it worked if it ends with ok
1 verbose cli [ '/usr/bin/node', '/usr/bin/npm', 'publish' ]
2 info using npm@3.5.2
3 info using node@v8.10.0
4 verbose publish [ '.' ]
5 silly cache add args [ '.', null ]
6 verbose cache add spec .
7 silly cache add parsed spec Result {
7 silly cache add   raw: '.',
7 silly cache add   scope: null,
7 silly cache add   name: null,
7 silly cache add   rawSpec: '.',
7 silly cache add   spec: '/mnt/c/Forest/BECODE/2019WebDevRessources/mySites/bitbuckerNPM',
7 silly cache add   type: 'directory' }
8 verbose addLocalDirectory /home/composer/.npm/buck/1.0.0/package.tgz not in flight; packing
9 info lifecycle buck@1.0.0~prepublish: buck@1.0.0
10 silly lifecycle buck@1.0.0~prepublish: no script for prepublish, continuing
11 verbose tar pack [ '/home/composer/.npm/buck/1.0.0/package.tgz',
11 verbose tar pack   '/mnt/c/Forest/BECODE/2019WebDevRessources/mySites/bitbuckerNPM' ]
12 verbose tarball /home/composer/.npm/buck/1.0.0/package.tgz
13 verbose folder /mnt/c/Forest/BECODE/2019WebDevRessources/mySites/bitbuckerNPM
14 verbose addLocalTarball adding from inside cache /home/composer/.npm/buck/1.0.0/package.tgz
15 silly cache afterAdd buck@1.0.0
16 verbose afterAdd /home/composer/.npm/buck/1.0.0/package/package.json not in flight; writing
17 verbose afterAdd /home/composer/.npm/buck/1.0.0/package/package.json written
18 silly publish { name: 'buck',
18 silly publish   version: '1.0.0',
18 silly publish   description: 'buck api',
18 silly publish   main: 'index.js',
18 silly publish   bin: { buck: './index.js' },
18 silly publish   scripts: { test: 'echo "Error: no test specified" && exit 1' },
18 silly publish   repository:
18 silly publish    { type: 'git',
18 silly publish      url: 'git+https://github.com/Jean-OIKONOMOU/buck.git' },
18 silly publish   keywords: [ 'buck' ],
18 silly publish   author: { name: 'jean' },
18 silly publish   license: 'ISC',
18 silly publish   bugs: { url: 'https://github.com/Jean-OIKONOMOU/buck/issues' },
18 silly publish   homepage: 'https://github.com/Jean-OIKONOMOU/buck#readme',
18 silly publish   dependencies:
18 silly publish    { axios: '^0.18.0',
18 silly publish      chalk: '^2.4.2',
18 silly publish      co: '^4.6.0',
18 silly publish      'co-prompt': '^1.0.0',
18 silly publish      commander: '^2.20.0',
18 silly publish      figlet: '^1.2.1',
18 silly publish      ora: '^3.4.0',
18 silly publish      progress: '^2.0.3' },
18 silly publish   readme: 'ERROR: No README data found!',
18 silly publish   _id: 'buck@1.0.0',
18 silly publish   _shasum: 'd652e595bbe51b6f667c7541c45bb5efbf817e3a',
18 silly publish   _from: '.' }
19 verbose getPublishConfig undefined
20 silly mapToRegistry name buck
21 silly mapToRegistry using default registry
22 silly mapToRegistry registry https://registry.npmjs.org/
23 silly mapToRegistry uri https://registry.npmjs.org/buck
24 verbose publish registryBase https://registry.npmjs.org/
25 silly publish uploading /home/composer/.npm/buck/1.0.0/package.tgz
26 verbose request uri https://registry.npmjs.org/buck
27 verbose request sending authorization for write operation
28 info attempt registry request try #1 at 10:01:02 AM
29 verbose request using bearer token for auth
30 verbose request id 8ec13a9461d6f7fc
31 http request PUT https://registry.npmjs.org/buck
32 http 403 https://registry.npmjs.org/buck
33 verbose headers { date: 'Thu, 18 Apr 2019 09:01:04 GMT',
33 verbose headers   'content-type': 'application/json',
33 verbose headers   'transfer-encoding': 'chunked',
33 verbose headers   connection: 'keep-alive',
33 verbose headers   'set-cookie':
33 verbose headers    [ '__cfduid=d155ed209cf3aae43e1ff2c3abfeb77aa1555578064; expires=Fri, 17-Apr-20 09:01:04 GMT; path=/; domain=.registry.npmjs.org; HttpOnly' ],
33 verbose headers   'cf-ray': '4c9573b42a97442d-BRU',
33 verbose headers   'expect-ct': 'max-age=604800, report-uri="https://report-uri.cloudflare.com/cdn-cgi/beacon/expect-ct"',
33 verbose headers   vary: 'Accept-Encoding',
33 verbose headers   server: 'cloudflare',
33 verbose headers   'content-encoding': 'gzip' }
34 verbose request invalidating /home/composer/.npm/registry.npmjs.org/buck on PUT
35 error publish Failed PUT 403
36 verbose stack Error: You do not have permission to publish "buck". Are you logged in as the correct user? : buck
36 verbose stack     at makeError (/usr/share/npm/node_modules/npm-registry-client/lib/request.js:264:12)
36 verbose stack     at CachingRegistryClient.<anonymous> (/usr/share/npm/node_modules/npm-registry-client/lib/request.js:252:14)
36 verbose stack     at /usr/share/npm/node_modules/npm-registry-client/lib/request.js:178:7
36 verbose stack     at Gunzip.onEnd (zlib.js:131:5)
36 verbose stack     at emitNone (events.js:111:20)
36 verbose stack     at Gunzip.emit (events.js:208:7)
36 verbose stack     at endReadableNT (_stream_readable.js:1064:12)
36 verbose stack     at _combinedTickCallback (internal/process/next_tick.js:138:11)
36 verbose stack     at process._tickCallback (internal/process/next_tick.js:180:9)
37 verbose statusCode 403
38 verbose pkgid buck
39 verbose cwd /mnt/c/Forest/BECODE/2019WebDevRessources/mySites/bitbuckerNPM
40 error Linux 4.4.0-17134-Microsoft
41 error argv "/usr/bin/node" "/usr/bin/npm" "publish"
42 error node v8.10.0
43 error npm  v3.5.2
44 error code E403
45 error You do not have permission to publish "buck". Are you logged in as the correct user? : buck
46 error If you need help, you may report this error at:
46 error     <https://github.com/npm/npm/issues>
47 verbose exit [ 1, true ]
